<?xml version="1.0" encoding="UTF-8"?>
<!-- Generated by org.testng.reporters.JUnitReportReporter -->
<testsuite hostname="DESKTOP-D0JLFQF" failures="0" tests="3" name="LivingLiquids_Module_01_LoginTest.LivingLiquids_Module_01_LoginTest" time="1.840" errors="0" timestamp="2023-02-16T13:05:25 IST" skipped="0">
  <testcase classname="LivingLiquids_Module_01_LoginTest.LivingLiquids_Module_01_LoginTest" name="verifyLLM01LoginPageNewArriavl" time="1.621"/>
  <system-out/>
  <testcase classname="LivingLiquids_Module_01_LoginTest.LivingLiquids_Module_01_LoginTest" name="verifylogo" time="0.053"/>
  <system-out/>
  <testcase classname="LivingLiquids_Module_01_LoginTest.LivingLiquids_Module_01_LoginTest" name="verifyWhatsAppButton" time="0.166"/>
  <system-out/>
</testsuite> <!-- LivingLiquids_Module_01_LoginTest.LivingLiquids_Module_01_LoginTest -->
